2026-03-05 14:46:50.879 | INFO     | __main__:main:17 - 🚀 Бот запущен и готов к работе!
2026-03-05 14:46:53.690 | ERROR    | __main__:<module>:26 - 💥 Критическая ошибка: Telegram server says - Unauthorized
2026-03-05 14:47:24.564 | INFO     | __main__:main:17 - 🚀 Бот запущен и готов к работе!
2026-03-05 14:47:55.779 | INFO     | handlers:cmd_start:13 - Пользователь 5130067818 запустил бота
2026-03-05 14:47:56.555 | ERROR    | database:get_all_zhk:13 - Ошибка получения списка ЖК: [Errno 11001] getaddrinfo failed
2026-03-05 14:55:36.730 | INFO     | __main__:<module>:24 - 🛑 Бот остановлен вручную
2026-03-05 14:55:42.729 | INFO     | __main__:main:17 - 🚀 Бот запущен и готов к работе!
2026-03-05 14:55:48.678 | INFO     | handlers:cmd_start:13 - Пользователь 5130067818 запустил бота
2026-03-05 14:55:49.824 | ERROR    | database:get_all_zhk:13 - Ошибка получения списка ЖК: [Errno 11001] getaddrinfo failed
2026-03-05 15:10:43.534 | INFO     | __main__:<module>:24 - 🛑 Бот остановлен вручную
2026-03-05 15:10:47.821 | INFO     | __main__:main:17 - 🚀 Бот запущен и готов к работе!
2026-03-05 15:10:51.594 | INFO     | handlers:cmd_start:13 - Пользователь 5130067818 запустил бота
2026-03-05 15:12:24.228 | INFO     | handlers:cmd_start:13 - Пользователь 5130067818 запустил бота
2026-03-05 15:44:57.797 | INFO     | __main__:<module>:24 - 🛑 Бот остановлен вручную
2026-03-05 15:45:02.036 | INFO     | __main__:main:17 - 🚀 Бот запущен и готов к работе!
2026-03-05 15:45:12.246 | INFO     | handlers:cmd_start:19 - Пользователь 5130067818 запустил бота
2026-03-05 15:46:52.551 | INFO     | __main__:<module>:24 - 🛑 Бот остановлен вручную
2026-03-05 15:46:55.186 | INFO     | __main__:main:17 - 🚀 Бот запущен и готов к работе!
2026-03-05 15:46:58.806 | INFO     | handlers:cmd_start:19 - Пользователь 5130067818 запустил бота
2026-03-05 15:47:13.053 | INFO     | handlers:cmd_start:19 - Пользователь 5130067818 запустил бота
2026-03-05 15:51:10.733 | INFO     | __main__:<module>:24 - 🛑 Бот остановлен вручную
2026-03-05 15:53:49.374 | INFO     | __main__:main:17 - 🚀 Бот запущен и готов к работе!
2026-03-05 15:53:53.694 | INFO     | handlers:cmd_start:21 - Пользователь 5130067818 запустил бота
2026-03-05 15:56:15.767 | INFO     | __main__:<module>:24 - 🛑 Бот остановлен вручную
2026-03-05 15:56:18.309 | INFO     | __main__:main:17 - 🚀 Бот запущен и готов к работе!
2026-03-05 15:56:22.324 | INFO     | handlers:cmd_start:21 - Пользователь 5130067818 запустил бота
2026-03-05 16:22:59.842 | INFO     | __main__:<module>:24 - 🛑 Бот остановлен вручную
